{"D:\\Downloads\\test\\controllers\\client\\user.controller.js": {"path":"D:\\Downloads\\test\\controllers\\client\\user.controller.js","statementMap":{"0":{"start":{"line":1,"column":13},"end":{"line":1,"column":47}},"1":{"start":{"line":2,"column":13},"end":{"line":2,"column":47}},"2":{"start":{"line":3,"column":23},"end":{"line":3,"column":67}},"3":{"start":{"line":4,"column":17},"end":{"line":4,"column":49}},"4":{"start":{"line":5,"column":12},"end":{"line":5,"column":26}},"5":{"start":{"line":6,"column":23},"end":{"line":6,"column":55}},"6":{"start":{"line":8,"column":0},"end":{"line":10,"column":1}},"7":{"start":{"line":9,"column":4},"end":{"line":9,"column":47}},"8":{"start":{"line":12,"column":0},"end":{"line":47,"column":1}},"9":{"start":{"line":13,"column":23},"end":{"line":16,"column":6}},"10":{"start":{"line":17,"column":4},"end":{"line":21,"column":5}},"11":{"start":{"line":18,"column":8},"end":{"line":18,"column":55}},"12":{"start":{"line":19,"column":8},"end":{"line":19,"column":28}},"13":{"start":{"line":20,"column":8},"end":{"line":20,"column":14}},"14":{"start":{"line":22,"column":4},"end":{"line":26,"column":5}},"15":{"start":{"line":23,"column":8},"end":{"line":23,"column":46}},"16":{"start":{"line":24,"column":8},"end":{"line":24,"column":28}},"17":{"start":{"line":25,"column":8},"end":{"line":25,"column":14}},"18":{"start":{"line":29,"column":17},"end":{"line":29,"column":29}},"19":{"start":{"line":30,"column":4},"end":{"line":30,"column":21}},"20":{"start":{"line":32,"column":24},"end":{"line":32,"column":49}},"21":{"start":{"line":33,"column":4},"end":{"line":35,"column":6}},"22":{"start":{"line":36,"column":4},"end":{"line":36,"column":31}},"23":{"start":{"line":37,"column":4},"end":{"line":37,"column":47}},"24":{"start":{"line":38,"column":4},"end":{"line":38,"column":30}},"25":{"start":{"line":40,"column":4},"end":{"line":40,"column":25}},"26":{"start":{"line":41,"column":17},"end":{"line":41,"column":35}},"27":{"start":{"line":42,"column":4},"end":{"line":42,"column":21}},"28":{"start":{"line":45,"column":4},"end":{"line":45,"column":43}},"29":{"start":{"line":46,"column":4},"end":{"line":46,"column":21}},"30":{"start":{"line":50,"column":0},"end":{"line":54,"column":1}},"31":{"start":{"line":51,"column":4},"end":{"line":53,"column":6}},"32":{"start":{"line":56,"column":0},"end":{"line":88,"column":1}},"33":{"start":{"line":57,"column":18},"end":{"line":57,"column":32}},"34":{"start":{"line":58,"column":21},"end":{"line":58,"column":38}},"35":{"start":{"line":59,"column":17},"end":{"line":62,"column":6}},"36":{"start":{"line":64,"column":4},"end":{"line":68,"column":5}},"37":{"start":{"line":65,"column":8},"end":{"line":65,"column":49}},"38":{"start":{"line":66,"column":8},"end":{"line":66,"column":28}},"39":{"start":{"line":67,"column":8},"end":{"line":67,"column":14}},"40":{"start":{"line":70,"column":4},"end":{"line":74,"column":5}},"41":{"start":{"line":71,"column":8},"end":{"line":71,"column":42}},"42":{"start":{"line":72,"column":8},"end":{"line":72,"column":28}},"43":{"start":{"line":73,"column":8},"end":{"line":73,"column":14}},"44":{"start":{"line":76,"column":4},"end":{"line":80,"column":5}},"45":{"start":{"line":77,"column":8},"end":{"line":77,"column":50}},"46":{"start":{"line":78,"column":8},"end":{"line":78,"column":28}},"47":{"start":{"line":79,"column":8},"end":{"line":79,"column":14}},"48":{"start":{"line":81,"column":4},"end":{"line":81,"column":43}},"49":{"start":{"line":82,"column":24},"end":{"line":82,"column":49}},"50":{"start":{"line":83,"column":4},"end":{"line":85,"column":6}},"51":{"start":{"line":87,"column":4},"end":{"line":87,"column":21}},"52":{"start":{"line":91,"column":0},"end":{"line":95,"column":1}},"53":{"start":{"line":92,"column":4},"end":{"line":92,"column":32}},"54":{"start":{"line":93,"column":4},"end":{"line":93,"column":29}},"55":{"start":{"line":94,"column":4},"end":{"line":94,"column":21}},"56":{"start":{"line":99,"column":0},"end":{"line":101,"column":1}},"57":{"start":{"line":100,"column":4},"end":{"line":100,"column":54}},"58":{"start":{"line":104,"column":0},"end":{"line":131,"column":1}},"59":{"start":{"line":105,"column":18},"end":{"line":105,"column":32}},"60":{"start":{"line":106,"column":17},"end":{"line":109,"column":6}},"61":{"start":{"line":110,"column":4},"end":{"line":114,"column":5}},"62":{"start":{"line":111,"column":8},"end":{"line":111,"column":50}},"63":{"start":{"line":112,"column":8},"end":{"line":112,"column":29}},"64":{"start":{"line":113,"column":8},"end":{"line":113,"column":14}},"65":{"start":{"line":117,"column":30},"end":{"line":121,"column":5}},"66":{"start":{"line":123,"column":4},"end":{"line":123,"column":61}},"67":{"start":{"line":125,"column":26},"end":{"line":125,"column":63}},"68":{"start":{"line":126,"column":4},"end":{"line":126,"column":25}},"69":{"start":{"line":128,"column":4},"end":{"line":128,"column":83}},"70":{"start":{"line":130,"column":4},"end":{"line":130,"column":53}},"71":{"start":{"line":135,"column":0},"end":{"line":142,"column":1}},"72":{"start":{"line":136,"column":18},"end":{"line":136,"column":33}},"73":{"start":{"line":137,"column":4},"end":{"line":137,"column":26}},"74":{"start":{"line":138,"column":4},"end":{"line":141,"column":6}},"75":{"start":{"line":145,"column":0},"end":{"line":171,"column":1}},"76":{"start":{"line":146,"column":18},"end":{"line":146,"column":32}},"77":{"start":{"line":147,"column":16},"end":{"line":147,"column":28}},"78":{"start":{"line":149,"column":19},"end":{"line":152,"column":6}},"79":{"start":{"line":154,"column":4},"end":{"line":158,"column":5}},"80":{"start":{"line":155,"column":8},"end":{"line":155,"column":45}},"81":{"start":{"line":156,"column":8},"end":{"line":156,"column":29}},"82":{"start":{"line":157,"column":8},"end":{"line":157,"column":14}},"83":{"start":{"line":160,"column":17},"end":{"line":162,"column":6}},"84":{"start":{"line":164,"column":24},"end":{"line":164,"column":49}},"85":{"start":{"line":165,"column":4},"end":{"line":167,"column":6}},"86":{"start":{"line":168,"column":4},"end":{"line":168,"column":43}},"87":{"start":{"line":170,"column":4},"end":{"line":170,"column":40}},"88":{"start":{"line":173,"column":0},"end":{"line":175,"column":1}},"89":{"start":{"line":174,"column":4},"end":{"line":174,"column":53}},"90":{"start":{"line":177,"column":0},"end":{"line":197,"column":1}},"91":{"start":{"line":178,"column":21},"end":{"line":178,"column":38}},"92":{"start":{"line":179,"column":28},"end":{"line":179,"column":52}},"93":{"start":{"line":181,"column":22},"end":{"line":181,"column":43}},"94":{"start":{"line":183,"column":4},"end":{"line":187,"column":5}},"95":{"start":{"line":184,"column":8},"end":{"line":184,"column":56}},"96":{"start":{"line":185,"column":8},"end":{"line":185,"column":29}},"97":{"start":{"line":186,"column":8},"end":{"line":186,"column":15}},"98":{"start":{"line":189,"column":4},"end":{"line":193,"column":6}},"99":{"start":{"line":195,"column":4},"end":{"line":195,"column":40}},"100":{"start":{"line":196,"column":4},"end":{"line":196,"column":21}},"101":{"start":{"line":200,"column":0},"end":{"line":202,"column":1}},"102":{"start":{"line":201,"column":4},"end":{"line":201,"column":44}}},"fnMap":{"0":{"name":"(anonymous_0)","decl":{"start":{"line":8,"column":26},"end":{"line":8,"column":27}},"loc":{"start":{"line":8,"column":43},"end":{"line":10,"column":1}},"line":8},"1":{"name":"(anonymous_1)","decl":{"start":{"line":12,"column":30},"end":{"line":12,"column":31}},"loc":{"start":{"line":12,"column":47},"end":{"line":47,"column":1}},"line":12},"2":{"name":"(anonymous_2)","decl":{"start":{"line":50,"column":23},"end":{"line":50,"column":24}},"loc":{"start":{"line":50,"column":40},"end":{"line":54,"column":1}},"line":50},"3":{"name":"(anonymous_3)","decl":{"start":{"line":56,"column":27},"end":{"line":56,"column":28}},"loc":{"start":{"line":56,"column":44},"end":{"line":88,"column":1}},"line":56},"4":{"name":"(anonymous_4)","decl":{"start":{"line":91,"column":24},"end":{"line":91,"column":25}},"loc":{"start":{"line":91,"column":43},"end":{"line":95,"column":1}},"line":91},"5":{"name":"(anonymous_5)","decl":{"start":{"line":99,"column":32},"end":{"line":99,"column":33}},"loc":{"start":{"line":99,"column":50},"end":{"line":101,"column":1}},"line":99},"6":{"name":"(anonymous_6)","decl":{"start":{"line":104,"column":36},"end":{"line":104,"column":37}},"loc":{"start":{"line":104,"column":54},"end":{"line":131,"column":1}},"line":104},"7":{"name":"(anonymous_7)","decl":{"start":{"line":135,"column":29},"end":{"line":135,"column":30}},"loc":{"start":{"line":135,"column":49},"end":{"line":142,"column":1}},"line":135},"8":{"name":"(anonymous_8)","decl":{"start":{"line":145,"column":33},"end":{"line":145,"column":34}},"loc":{"start":{"line":145,"column":53},"end":{"line":171,"column":1}},"line":145},"9":{"name":"(anonymous_9)","decl":{"start":{"line":173,"column":31},"end":{"line":173,"column":32}},"loc":{"start":{"line":173,"column":51},"end":{"line":175,"column":1}},"line":173},"10":{"name":"(anonymous_10)","decl":{"start":{"line":177,"column":35},"end":{"line":177,"column":36}},"loc":{"start":{"line":177,"column":55},"end":{"line":197,"column":1}},"line":177},"11":{"name":"(anonymous_11)","decl":{"start":{"line":200,"column":23},"end":{"line":200,"column":24}},"loc":{"start":{"line":200,"column":43},"end":{"line":202,"column":1}},"line":200}},"branchMap":{"0":{"loc":{"start":{"line":17,"column":4},"end":{"line":21,"column":5}},"type":"if","locations":[{"start":{"line":17,"column":4},"end":{"line":21,"column":5}},{"start":{},"end":{}}],"line":17},"1":{"loc":{"start":{"line":22,"column":4},"end":{"line":26,"column":5}},"type":"if","locations":[{"start":{"line":22,"column":4},"end":{"line":26,"column":5}},{"start":{},"end":{}}],"line":22},"2":{"loc":{"start":{"line":64,"column":4},"end":{"line":68,"column":5}},"type":"if","locations":[{"start":{"line":64,"column":4},"end":{"line":68,"column":5}},{"start":{},"end":{}}],"line":64},"3":{"loc":{"start":{"line":70,"column":4},"end":{"line":74,"column":5}},"type":"if","locations":[{"start":{"line":70,"column":4},"end":{"line":74,"column":5}},{"start":{},"end":{}}],"line":70},"4":{"loc":{"start":{"line":76,"column":4},"end":{"line":80,"column":5}},"type":"if","locations":[{"start":{"line":76,"column":4},"end":{"line":80,"column":5}},{"start":{},"end":{}}],"line":76},"5":{"loc":{"start":{"line":110,"column":4},"end":{"line":114,"column":5}},"type":"if","locations":[{"start":{"line":110,"column":4},"end":{"line":114,"column":5}},{"start":{},"end":{}}],"line":110},"6":{"loc":{"start":{"line":154,"column":4},"end":{"line":158,"column":5}},"type":"if","locations":[{"start":{"line":154,"column":4},"end":{"line":158,"column":5}},{"start":{},"end":{}}],"line":154},"7":{"loc":{"start":{"line":183,"column":4},"end":{"line":187,"column":5}},"type":"if","locations":[{"start":{"line":183,"column":4},"end":{"line":187,"column":5}},{"start":{},"end":{}}],"line":183}},"s":{"0":1,"1":1,"2":1,"3":1,"4":1,"5":1,"6":1,"7":1,"8":1,"9":4,"10":4,"11":1,"12":1,"13":1,"14":3,"15":1,"16":1,"17":1,"18":2,"19":2,"20":2,"21":2,"22":2,"23":2,"24":2,"25":2,"26":2,"27":2,"28":2,"29":2,"30":1,"31":1,"32":1,"33":5,"34":5,"35":5,"36":5,"37":1,"38":1,"39":1,"40":4,"41":2,"42":2,"43":2,"44":2,"45":1,"46":1,"47":1,"48":1,"49":1,"50":1,"51":1,"52":1,"53":1,"54":1,"55":1,"56":1,"57":1,"58":1,"59":2,"60":2,"61":2,"62":1,"63":1,"64":1,"65":1,"66":1,"67":1,"68":1,"69":1,"70":1,"71":1,"72":1,"73":1,"74":1,"75":1,"76":3,"77":3,"78":3,"79":3,"80":1,"81":1,"82":1,"83":2,"84":2,"85":2,"86":2,"87":2,"88":1,"89":1,"90":1,"91":4,"92":4,"93":4,"94":4,"95":1,"96":1,"97":1,"98":3,"99":3,"100":3,"101":1,"102":1},"f":{"0":1,"1":4,"2":1,"3":5,"4":1,"5":1,"6":2,"7":1,"8":3,"9":1,"10":4,"11":1},"b":{"0":[1,3],"1":[1,2],"2":[1,4],"3":[2,2],"4":[1,1],"5":[1,1],"6":[1,2],"7":[1,3]},"_coverageSchema":"1a1c01bbd47fc00a2c39e90264f33305004495a9","hash":"6813e603319b5ce48fb0b9548820043e4433b41d"}
,"D:\\Downloads\\test\\helper\\generate.js": {"path":"D:\\Downloads\\test\\helper\\generate.js","statementMap":{"0":{"start":{"line":1,"column":0},"end":{"line":9,"column":1}},"1":{"start":{"line":2,"column":23},"end":{"line":2,"column":87}},"2":{"start":{"line":3,"column":17},"end":{"line":3,"column":19}},"3":{"start":{"line":4,"column":4},"end":{"line":6,"column":5}},"4":{"start":{"line":4,"column":14},"end":{"line":4,"column":15}},"5":{"start":{"line":5,"column":8},"end":{"line":5,"column":83}},"6":{"start":{"line":8,"column":4},"end":{"line":8,"column":18}},"7":{"start":{"line":10,"column":0},"end":{"line":18,"column":1}},"8":{"start":{"line":11,"column":23},"end":{"line":11,"column":35}},"9":{"start":{"line":12,"column":17},"end":{"line":12,"column":19}},"10":{"start":{"line":13,"column":4},"end":{"line":15,"column":5}},"11":{"start":{"line":13,"column":14},"end":{"line":13,"column":15}},"12":{"start":{"line":14,"column":8},"end":{"line":14,"column":83}},"13":{"start":{"line":17,"column":4},"end":{"line":17,"column":18}}},"fnMap":{"0":{"name":"(anonymous_0)","decl":{"start":{"line":1,"column":38},"end":{"line":1,"column":39}},"loc":{"start":{"line":1,"column":49},"end":{"line":9,"column":1}},"line":1},"1":{"name":"(anonymous_1)","decl":{"start":{"line":10,"column":38},"end":{"line":10,"column":39}},"loc":{"start":{"line":10,"column":49},"end":{"line":18,"column":1}},"line":10}},"branchMap":{},"s":{"0":1,"1":0,"2":0,"3":0,"4":0,"5":0,"6":0,"7":1,"8":0,"9":0,"10":0,"11":0,"12":0,"13":0},"f":{"0":0,"1":0},"b":{},"_coverageSchema":"1a1c01bbd47fc00a2c39e90264f33305004495a9","hash":"078a9abce92f9810d701dd037183af842e0d9540"}
,"D:\\Downloads\\test\\helper\\sendMail.js": {"path":"D:\\Downloads\\test\\helper\\sendMail.js","statementMap":{"0":{"start":{"line":1,"column":19},"end":{"line":1,"column":40}},"1":{"start":{"line":2,"column":0},"end":{"line":97,"column":1}},"2":{"start":{"line":3,"column":24},"end":{"line":9,"column":8}},"3":{"start":{"line":11,"column":26},"end":{"line":87,"column":7}},"4":{"start":{"line":89,"column":6},"end":{"line":96,"column":9}},"5":{"start":{"line":90,"column":8},"end":{"line":95,"column":9}},"6":{"start":{"line":91,"column":7},"end":{"line":91,"column":26}},"7":{"start":{"line":93,"column":10},"end":{"line":93,"column":54}}},"fnMap":{"0":{"name":"(anonymous_0)","decl":{"start":{"line":2,"column":26},"end":{"line":2,"column":27}},"loc":{"start":{"line":2,"column":49},"end":{"line":97,"column":1}},"line":2},"1":{"name":"(anonymous_1)","decl":{"start":{"line":89,"column":40},"end":{"line":89,"column":41}},"loc":{"start":{"line":89,"column":61},"end":{"line":96,"column":7}},"line":89}},"branchMap":{"0":{"loc":{"start":{"line":90,"column":8},"end":{"line":95,"column":9}},"type":"if","locations":[{"start":{"line":90,"column":8},"end":{"line":95,"column":9}},{"start":{"line":92,"column":15},"end":{"line":95,"column":9}}],"line":90}},"s":{"0":1,"1":1,"2":0,"3":0,"4":0,"5":0,"6":0,"7":0},"f":{"0":0,"1":0},"b":{"0":[0,0]},"_coverageSchema":"1a1c01bbd47fc00a2c39e90264f33305004495a9","hash":"1d8f661a2f06958c8313acade6f7be8657017634"}
,"D:\\Downloads\\test\\model\\carts.model.js": {"path":"D:\\Downloads\\test\\model\\carts.model.js","statementMap":{"0":{"start":{"line":2,"column":17},"end":{"line":2,"column":36}},"1":{"start":{"line":5,"column":19},"end":{"line":23,"column":1}},"2":{"start":{"line":25,"column":13},"end":{"line":25,"column":55}},"3":{"start":{"line":27,"column":0},"end":{"line":27,"column":22}}},"fnMap":{},"branchMap":{},"s":{"0":1,"1":1,"2":1,"3":1},"f":{},"b":{},"_coverageSchema":"1a1c01bbd47fc00a2c39e90264f33305004495a9","hash":"09bda44060b5903bff61adbd1108a386f23d2421"}
,"D:\\Downloads\\test\\model\\forgot-password.model.js": {"path":"D:\\Downloads\\test\\model\\forgot-password.model.js","statementMap":{"0":{"start":{"line":2,"column":17},"end":{"line":2,"column":36}},"1":{"start":{"line":4,"column":29},"end":{"line":16,"column":1}},"2":{"start":{"line":18,"column":23},"end":{"line":18,"column":95}},"3":{"start":{"line":20,"column":0},"end":{"line":20,"column":32}}},"fnMap":{},"branchMap":{},"s":{"0":1,"1":1,"2":1,"3":1},"f":{},"b":{},"_coverageSchema":"1a1c01bbd47fc00a2c39e90264f33305004495a9","hash":"0919249145b466992ae9c68cd441cc1d09d3b63c"}
,"D:\\Downloads\\test\\model\\users.model.js": {"path":"D:\\Downloads\\test\\model\\users.model.js","statementMap":{"0":{"start":{"line":2,"column":17},"end":{"line":2,"column":36}},"1":{"start":{"line":3,"column":18},"end":{"line":3,"column":47}},"2":{"start":{"line":5,"column":19},"end":{"line":31,"column":1}},"3":{"start":{"line":33,"column":13},"end":{"line":33,"column":54}},"4":{"start":{"line":35,"column":0},"end":{"line":35,"column":22}}},"fnMap":{},"branchMap":{},"s":{"0":1,"1":1,"2":1,"3":1,"4":1},"f":{},"b":{},"_coverageSchema":"1a1c01bbd47fc00a2c39e90264f33305004495a9","hash":"6e3882f14d9e57792925a906fee400921760ba4c"}
}
