TN:
SF:controllers\client\user.controller.js
FN:8,(anonymous_0)
FN:12,(anonymous_1)
FN:50,(anonymous_2)
FN:56,(anonymous_3)
FN:91,(anonymous_4)
FN:99,(anonymous_5)
FN:104,(anonymous_6)
FN:135,(anonymous_7)
FN:145,(anonymous_8)
FN:173,(anonymous_9)
FN:177,(anonymous_10)
FN:200,(anonymous_11)
FNF:12
FNH:12
FNDA:1,(anonymous_0)
FNDA:4,(anonymous_1)
FNDA:1,(anonymous_2)
FNDA:5,(anonymous_3)
FNDA:1,(anonymous_4)
FNDA:1,(anonymous_5)
FNDA:2,(anonymous_6)
FNDA:1,(anonymous_7)
FNDA:3,(anonymous_8)
FNDA:1,(anonymous_9)
FNDA:4,(anonymous_10)
FNDA:1,(anonymous_11)
DA:1,1
DA:2,1
DA:3,1
DA:4,1
DA:5,1
DA:6,1
DA:8,1
DA:9,1
DA:12,1
DA:13,4
DA:17,4
DA:18,1
DA:19,1
DA:20,1
DA:22,3
DA:23,1
DA:24,1
DA:25,1
DA:29,2
DA:30,2
DA:32,2
DA:33,2
DA:36,2
DA:37,2
DA:38,2
DA:40,2
DA:41,2
DA:42,2
DA:45,2
DA:46,2
DA:50,1
DA:51,1
DA:56,1
DA:57,5
DA:58,5
DA:59,5
DA:64,5
DA:65,1
DA:66,1
DA:67,1
DA:70,4
DA:71,2
DA:72,2
DA:73,2
DA:76,2
DA:77,1
DA:78,1
DA:79,1
DA:81,1
DA:82,1
DA:83,1
DA:87,1
DA:91,1
DA:92,1
DA:93,1
DA:94,1
DA:99,1
DA:100,1
DA:104,1
DA:105,2
DA:106,2
DA:110,2
DA:111,1
DA:112,1
DA:113,1
DA:117,1
DA:123,1
DA:125,1
DA:126,1
DA:128,1
DA:130,1
DA:135,1
DA:136,1
DA:137,1
DA:138,1
DA:145,1
DA:146,3
DA:147,3
DA:149,3
DA:154,3
DA:155,1
DA:156,1
DA:157,1
DA:160,2
DA:164,2
DA:165,2
DA:168,2
DA:170,2
DA:173,1
DA:174,1
DA:177,1
DA:178,4
DA:179,4
DA:181,4
DA:183,4
DA:184,1
DA:185,1
DA:186,1
DA:189,3
DA:195,3
DA:196,3
DA:200,1
DA:201,1
LF:103
LH:103
BRDA:17,0,0,1
BRDA:17,0,1,3
BRDA:22,1,0,1
BRDA:22,1,1,2
BRDA:64,2,0,1
BRDA:64,2,1,4
BRDA:70,3,0,2
BRDA:70,3,1,2
BRDA:76,4,0,1
BRDA:76,4,1,1
BRDA:110,5,0,1
BRDA:110,5,1,1
BRDA:154,6,0,1
BRDA:154,6,1,2
BRDA:183,7,0,1
BRDA:183,7,1,3
BRF:16
BRH:16
end_of_record
TN:
SF:helper\generate.js
FN:1,(anonymous_0)
FN:10,(anonymous_1)
FNF:2
FNH:0
FNDA:0,(anonymous_0)
FNDA:0,(anonymous_1)
DA:1,1
DA:2,0
DA:3,0
DA:4,0
DA:5,0
DA:8,0
DA:10,1
DA:11,0
DA:12,0
DA:13,0
DA:14,0
DA:17,0
LF:12
LH:2
BRF:0
BRH:0
end_of_record
TN:
SF:helper\sendMail.js
FN:2,(anonymous_0)
FN:89,(anonymous_1)
FNF:2
FNH:0
FNDA:0,(anonymous_0)
FNDA:0,(anonymous_1)
DA:1,1
DA:2,1
DA:3,0
DA:11,0
DA:89,0
DA:90,0
DA:91,0
DA:93,0
LF:8
LH:2
BRDA:90,0,0,0
BRDA:90,0,1,0
BRF:2
BRH:0
end_of_record
TN:
SF:model\carts.model.js
FNF:0
FNH:0
DA:2,1
DA:5,1
DA:25,1
DA:27,1
LF:4
LH:4
BRF:0
BRH:0
end_of_record
TN:
SF:model\forgot-password.model.js
FNF:0
FNH:0
DA:2,1
DA:4,1
DA:18,1
DA:20,1
LF:4
LH:4
BRF:0
BRH:0
end_of_record
TN:
SF:model\users.model.js
FNF:0
FNH:0
DA:2,1
DA:3,1
DA:5,1
DA:33,1
DA:35,1
LF:5
LH:5
BRF:0
BRH:0
end_of_record
